<?xml version="1.0" encoding="UTF-8"?>
<testsuite name="compra de computador" tests="1" skipped="0" failures="0" errors="0" timestamp="2021-06-16T19:49:37" hostname="DESKTOP-JILHI5A" time="68.241">
  <properties/>
  <testcase name="compra de computadora en pagina web" classname="compra de computador" time="68.241"/>
  <system-out><![CDATA[14:49:37.875 [Test worker] INFO io.cucumber.core.plugin.SerenityReporter - Running feature from file:///C:/Users/Asus/ProyectoFinalScreenplay/src/test/resources/features/compra.feature
14:49:38.036 [Test worker] INFO  - 
 _____ _____ ____ _____   ____ _____  _    ____ _____ _____ ____  
|_   _| ____/ ___|_   _| / ___|_   _|/ \  |  _ \_   _| ____|  _ \ 
  | | |  _| \___ \ | |   \___ \ | | / _ \ | |_) || | |  _| | | | |
  | | | |___ ___) || |    ___) || |/ ___ \|  _ < | | | |___| |_| |
  |_| |_____|____/ |_|   |____/ |_/_/   \_\_| \_\|_| |_____|____/ 

compra de computadora en pagina web(compra-de-computador;compra-de-computadora-en-pagina-web)
-------------------------------------------------------------------
14:49:38.165 [Test worker] DEBUG net.thucydides.core.requirements.model.cucumber.CucumberParser - Added feature compra de computador
14:49:39.244 [Test worker] DEBUG net.thucydides.core.steps.StepInterceptor - STARTING STEP: compraStepdefinitions.setUp - {0} opens the #targetPage
14:49:39.503 [Test worker] INFO net.serenitybdd.core.webdriver.driverproviders.ChromeDriverProvider - Using automatically driver download
14:49:40.604 [Test worker] DEBUG io.github.bonigarcia.wdm.cache.ResolutionCache - Removing resolution chrome=91 from cache (expired on Wed Jun 16 13:47:21 COT 2021)
14:49:40.616 [Test worker] DEBUG io.github.bonigarcia.wdm.versions.Shell - Running command on the shell: [wmic.exe, datafile, where, name='C:\\Program Files (x86)\\Google\\Chrome\\Application\\chrome.exe', get, Version, /value]
14:49:44.601 [Test worker] DEBUG io.github.bonigarcia.wdm.versions.Shell - Result: 
14:49:44.606 [Test worker] DEBUG io.github.bonigarcia.wdm.versions.Shell - Running command on the shell: [wmic.exe, datafile, where, name='C:\\Users\\Asus\\AppData\\Local\\Google\\Chrome\\Application\\chrome.exe', get, Version, /value]
14:49:44.791 [Test worker] DEBUG io.github.bonigarcia.wdm.versions.Shell - Result: 
14:49:44.792 [Test worker] DEBUG io.github.bonigarcia.wdm.versions.Shell - Running command on the shell: [wmic.exe, datafile, where, name='C:\\Program Files\\Google\\Chrome\\Application\\chrome.exe', get, Version, /value]
14:49:44.939 [Test worker] DEBUG io.github.bonigarcia.wdm.versions.Shell - Result: Version=91.0.4472.101
14:49:44.942 [Test worker] DEBUG io.github.bonigarcia.wdm.cache.ResolutionCache - Resolution chrome91=91.0.4472.101 in cache (valid until 00:27:57 17/06/2021 COT)
14:49:44.942 [Test worker] INFO io.github.bonigarcia.wdm.WebDriverManager - Using chromedriver 91.0.4472.101 (resolved driver for Chrome 91)
14:49:44.948 [Test worker] DEBUG io.github.bonigarcia.wdm.cache.ResolutionCache - Storing resolution chrome=91 in cache (valid until 15:49:44 16/06/2021 COT)
14:49:44.958 [Test worker] DEBUG io.github.bonigarcia.wdm.WebDriverManager - Driver chromedriver 91.0.4472.101 found in cache
14:49:44.960 [Test worker] INFO io.github.bonigarcia.wdm.WebDriverManager - Exporting webdriver.chrome.driver as C:\Users\Asus\.cache\selenium\chromedriver\win32\91.0.4472.101\chromedriver.exe
14:49:45.954 [Test worker] INFO net.serenitybdd.core.webdriver.driverproviders.ProvideNewDriver - Instantiating driver
14:49:45.954 [Test worker] INFO net.serenitybdd.core.webdriver.driverproviders.ProvideNewDriver - Driver capabilities: Capabilities {acceptInsecureCerts: false, browserName: chrome, chrome.switches: --start-maximized --disable..., goog:chromeOptions: {args: [--start-maximized, --disable-popup-blocking], extensions: []}, loggingPrefs: org.openqa.selenium.logging...}
14:49:56.231 [Test worker] DEBUG net.serenitybdd.core.photography.Darkroom - Opening darkroom
14:49:56.232 [Darkroom Processing Line] DEBUG net.serenitybdd.core.photography.DarkroomProcessingLine - Darkroom processing line starting up
14:49:57.512 [Test worker] DEBUG net.serenitybdd.core.photography.Darkroom - Send negative for processing for C:\Users\Asus\ProyectoFinalScreenplay\target\site\serenity\9ea4881d483ee3f19ad854437253197b26281b7ed915f82fcb2398484c531b9e.png
14:49:57.517 [Test worker] DEBUG net.thucydides.core.steps.StepInterceptor - STEP DONE: {0} opens the #targetPage
14:49:58.318 [Test worker] DEBUG net.serenitybdd.core.photography.Darkroom - Send negative for processing for C:\Users\Asus\ProyectoFinalScreenplay\target\site\serenity\4370f2886b25bd9fe1f18f5eee15552f6131ffeff5968c1eff93ed29e8c000c5.png
14:49:58.319 [Darkroom Processing Line] DEBUG net.serenitybdd.core.photography.DarkroomProcessingLine - Processing screenshot image in /var/screenshots/screenshot-4915206520332559352
14:49:58.319 [Darkroom Processing Line] DEBUG net.serenitybdd.core.photography.DarkroomProcessingLine - Saving screenshot to C:\Users\Asus\ProyectoFinalScreenplay\target\site\serenity\4370f2886b25bd9fe1f18f5eee15552f6131ffeff5968c1eff93ed29e8c000c5.png
14:49:58.900 [Test worker] DEBUG net.serenitybdd.core.photography.Darkroom - Send negative for processing for C:\Users\Asus\ProyectoFinalScreenplay\target\site\serenity\2ccc4e99796e033291bef2bb8de6f3295a02d1dbe9a7db2dd62911aeed6ac560.png
14:49:58.900 [Darkroom Processing Line] DEBUG net.serenitybdd.core.photography.DarkroomProcessingLine - Processing screenshot image in /var/screenshots/screenshot-4494519316358799704
14:49:58.901 [Darkroom Processing Line] DEBUG net.serenitybdd.core.photography.DarkroomProcessingLine - Saving screenshot to C:\Users\Asus\ProyectoFinalScreenplay\target\site\serenity\2ccc4e99796e033291bef2bb8de6f3295a02d1dbe9a7db2dd62911aeed6ac560.png
14:49:58.904 [Test worker] DEBUG net.thucydides.core.steps.StepInterceptor - STARTING STEP: compraStepdefinitions.queJuanBusqueUnaComputadoraEnLaPaginaWeb - performAs
14:49:58.945 [Test worker] DEBUG net.serenitybdd.screenplay.targets.IFrameSwitcher - default content already selected for buscar computadora
14:50:00.071 [Test worker] DEBUG net.serenitybdd.core.photography.Darkroom - Send negative for processing for C:\Users\Asus\ProyectoFinalScreenplay\target\site\serenity\2ccc4e99796e033291bef2bb8de6f3295a02d1dbe9a7db2dd62911aeed6ac560.png
14:50:00.086 [Test worker] DEBUG net.thucydides.core.steps.StepInterceptor - STARTING STEP: BuscarComputadora.performAs - {0} enters #theTextAsAString into #target
14:50:00.089 [Test worker] DEBUG net.serenitybdd.screenplay.targets.IFrameSwitcher - default content already selected for buscar computadora
14:50:02.640 [Test worker] DEBUG net.serenitybdd.core.photography.Darkroom - Send negative for processing for C:\Users\Asus\ProyectoFinalScreenplay\target\site\serenity\6e4e839b44c408df11b46a9272e3c7594c7ca93edfc0158d76981827a92b7c16.png
14:50:02.641 [Darkroom Processing Line] DEBUG net.serenitybdd.core.photography.DarkroomProcessingLine - Processing screenshot image in /var/screenshots/screenshot-8655442584604237040
14:50:02.641 [Darkroom Processing Line] DEBUG net.serenitybdd.core.photography.DarkroomProcessingLine - Saving screenshot to C:\Users\Asus\ProyectoFinalScreenplay\target\site\serenity\6e4e839b44c408df11b46a9272e3c7594c7ca93edfc0158d76981827a92b7c16.png
14:50:03.434 [Test worker] DEBUG net.serenitybdd.core.photography.Darkroom - Send negative for processing for C:\Users\Asus\ProyectoFinalScreenplay\target\site\serenity\981ec6138267e7529fc68ac0093c2fc290115575791d010c908a0f593c615509.png
14:50:03.435 [Darkroom Processing Line] DEBUG net.serenitybdd.core.photography.DarkroomProcessingLine - Processing screenshot image in /var/screenshots/screenshot-8618558727436544628
14:50:03.435 [Darkroom Processing Line] DEBUG net.serenitybdd.core.photography.DarkroomProcessingLine - Saving screenshot to C:\Users\Asus\ProyectoFinalScreenplay\target\site\serenity\981ec6138267e7529fc68ac0093c2fc290115575791d010c908a0f593c615509.png
14:50:03.435 [Test worker] DEBUG net.thucydides.core.steps.StepInterceptor - STEP DONE: {0} enters #theTextAsAString into #target
14:50:04.161 [Test worker] DEBUG net.serenitybdd.core.photography.Darkroom - Send negative for processing for C:\Users\Asus\ProyectoFinalScreenplay\target\site\serenity\7f731b2bcd3b07f66ac5a96f9850847c8a156e7ceeabf12c1feb60b07019f2d9.png
14:50:04.161 [Darkroom Processing Line] DEBUG net.serenitybdd.core.photography.DarkroomProcessingLine - Processing screenshot image in /var/screenshots/screenshot-7951398594620717828
14:50:04.162 [Darkroom Processing Line] DEBUG net.serenitybdd.core.photography.DarkroomProcessingLine - Saving screenshot to C:\Users\Asus\ProyectoFinalScreenplay\target\site\serenity\7f731b2bcd3b07f66ac5a96f9850847c8a156e7ceeabf12c1feb60b07019f2d9.png
14:50:04.162 [Test worker] DEBUG net.thucydides.core.steps.StepInterceptor - STARTING STEP: BuscarComputadora.performAs - {0} types '#keys' in #target
14:50:04.164 [Test worker] DEBUG net.serenitybdd.screenplay.targets.IFrameSwitcher - default content already selected for buscar computadora
14:50:05.611 [Test worker] DEBUG net.serenitybdd.core.photography.Darkroom - Send negative for processing for C:\Users\Asus\ProyectoFinalScreenplay\target\site\serenity\8102d93a97cab71980aa0b354849d8edd9d965e42e2bbc7c06174f969c6a1b0a.png
14:50:05.614 [Test worker] DEBUG net.thucydides.core.steps.StepInterceptor - STEP DONE: {0} types '#keys' in #target
14:50:05.654 [Test worker] DEBUG net.thucydides.core.steps.StepInterceptor - STEP DONE: performAs
14:50:06.035 [Test worker] DEBUG net.serenitybdd.core.photography.Darkroom - Send negative for processing for C:\Users\Asus\ProyectoFinalScreenplay\target\site\serenity\8102d93a97cab71980aa0b354849d8edd9d965e42e2bbc7c06174f969c6a1b0a.png
14:50:06.438 [Test worker] DEBUG net.serenitybdd.core.photography.Darkroom - Send negative for processing for C:\Users\Asus\ProyectoFinalScreenplay\target\site\serenity\8102d93a97cab71980aa0b354849d8edd9d965e42e2bbc7c06174f969c6a1b0a.png
14:50:06.473 [Test worker] DEBUG net.thucydides.core.steps.StepInterceptor - STARTING STEP: compraStepdefinitions.laIngreseAlCarroDeCompras - performAs
14:50:06.532 [Test worker] DEBUG net.serenitybdd.screenplay.targets.IFrameSwitcher - default content already selected for seleccionar computadora
14:50:06.962 [Test worker] DEBUG net.serenitybdd.core.photography.Darkroom - Send negative for processing for C:\Users\Asus\ProyectoFinalScreenplay\target\site\serenity\8102d93a97cab71980aa0b354849d8edd9d965e42e2bbc7c06174f969c6a1b0a.png
14:50:06.963 [Test worker] DEBUG net.thucydides.core.steps.StepInterceptor - STARTING STEP: SeleccionarComputadora.performAs - {0} clicks on #target
14:50:06.964 [Test worker] DEBUG net.serenitybdd.screenplay.targets.IFrameSwitcher - default content already selected for seleccionar computadora
14:50:07.999 [Test worker] DEBUG net.serenitybdd.core.photography.Darkroom - Send negative for processing for C:\Users\Asus\ProyectoFinalScreenplay\target\site\serenity\d9ad859ad5e87c9db481fb4d506d27dc4d14438ccc180578708cfddc96fdcfe9.png
14:50:07.999 [Darkroom Processing Line] DEBUG net.serenitybdd.core.photography.DarkroomProcessingLine - Processing screenshot image in /var/screenshots/screenshot-3912596006111605561
14:50:07.999 [Darkroom Processing Line] DEBUG net.serenitybdd.core.photography.DarkroomProcessingLine - Saving screenshot to C:\Users\Asus\ProyectoFinalScreenplay\target\site\serenity\d9ad859ad5e87c9db481fb4d506d27dc4d14438ccc180578708cfddc96fdcfe9.png
14:50:08.559 [Test worker] DEBUG net.serenitybdd.core.photography.Darkroom - Send negative for processing for C:\Users\Asus\ProyectoFinalScreenplay\target\site\serenity\ececb58ec217a7945280b1bbe3c57a9ca6ecc524c5d721a27e1ae0a9410d2479.png
14:50:08.559 [Test worker] DEBUG net.thucydides.core.steps.StepInterceptor - STEP DONE: {0} clicks on #target
14:50:08.594 [Test worker] DEBUG net.thucydides.core.steps.StepInterceptor - STARTING STEP: SeleccionarComputadora.performAs - {0} clicks on #target
14:50:08.595 [Test worker] DEBUG net.serenitybdd.screenplay.targets.IFrameSwitcher - default content already selected for ingresar al carrito de compras
14:50:09.958 [Test worker] DEBUG net.serenitybdd.core.photography.Darkroom - Send negative for processing for C:\Users\Asus\ProyectoFinalScreenplay\target\site\serenity\d1d230413912167907ef54c35742515da8ed05289b82741e103b35a83879e120.png
14:50:10.300 [Test worker] DEBUG net.serenitybdd.core.photography.Darkroom - Send negative for processing for C:\Users\Asus\ProyectoFinalScreenplay\target\site\serenity\d1d230413912167907ef54c35742515da8ed05289b82741e103b35a83879e120.png
14:50:10.303 [Test worker] DEBUG net.thucydides.core.steps.StepInterceptor - STEP DONE: {0} clicks on #target
14:50:10.325 [Test worker] DEBUG net.thucydides.core.steps.StepInterceptor - STEP DONE: performAs
14:50:10.685 [Test worker] DEBUG net.serenitybdd.core.photography.Darkroom - Send negative for processing for C:\Users\Asus\ProyectoFinalScreenplay\target\site\serenity\d1d230413912167907ef54c35742515da8ed05289b82741e103b35a83879e120.png
14:50:11.052 [Test worker] DEBUG net.serenitybdd.core.photography.Darkroom - Send negative for processing for C:\Users\Asus\ProyectoFinalScreenplay\target\site\serenity\d1d230413912167907ef54c35742515da8ed05289b82741e103b35a83879e120.png
14:50:11.054 [Test worker] DEBUG net.thucydides.core.steps.StepInterceptor - STARTING STEP: compraStepdefinitions.verifiqueQueEsLaComputadoraQueQuiereProdeceARealizarElPago - performAs
14:50:11.072 [Test worker] DEBUG net.serenitybdd.screenplay.targets.IFrameSwitcher - default content already selected for confirmar producto
14:50:11.246 [Test worker] DEBUG net.serenitybdd.screenplay.targets.IFrameSwitcher - default content already selected for confirmar producto
14:50:11.655 [Test worker] DEBUG net.serenitybdd.core.photography.Darkroom - Send negative for processing for C:\Users\Asus\ProyectoFinalScreenplay\target\site\serenity\d1d230413912167907ef54c35742515da8ed05289b82741e103b35a83879e120.png
14:50:11.657 [Test worker] DEBUG net.thucydides.core.steps.StepInterceptor - STARTING STEP: ConfirmarProducto.performAs - {0} clicks on #target
14:50:11.659 [Test worker] DEBUG net.serenitybdd.screenplay.targets.IFrameSwitcher - default content already selected for comprar
14:50:13.404 [Test worker] DEBUG net.serenitybdd.core.photography.Darkroom - Send negative for processing for C:\Users\Asus\ProyectoFinalScreenplay\target\site\serenity\0fdcc9fd38f3cfeda6690ee3e11721d01e4ff0c6351f54726bf146c58e8a64ba.png
14:50:13.425 [Test worker] DEBUG net.thucydides.core.steps.StepInterceptor - STEP DONE: {0} clicks on #target
14:50:13.758 [Test worker] DEBUG net.serenitybdd.core.photography.Darkroom - Send negative for processing for C:\Users\Asus\ProyectoFinalScreenplay\target\site\serenity\0fdcc9fd38f3cfeda6690ee3e11721d01e4ff0c6351f54726bf146c58e8a64ba.png
14:50:13.760 [Test worker] DEBUG net.thucydides.core.steps.StepInterceptor - STARTING STEP: ConfirmarProducto.performAs - {0} clicks on #target
14:50:13.760 [Test worker] DEBUG net.serenitybdd.screenplay.targets.IFrameSwitcher - default content already selected for opciones avanzadas
14:50:14.429 [Test worker] DEBUG net.serenitybdd.core.photography.Darkroom - Send negative for processing for C:\Users\Asus\ProyectoFinalScreenplay\target\site\serenity\e57b29c8aa9bf665bc50c32321cb0b67b38c3d51890ae82a34e1ca7fcae351de.png
14:50:14.449 [Test worker] DEBUG net.thucydides.core.steps.StepInterceptor - STEP DONE: {0} clicks on #target
14:50:14.469 [Test worker] DEBUG net.thucydides.core.steps.StepInterceptor - STARTING STEP: ConfirmarProducto.performAs - {0} clicks on #target
14:50:14.473 [Test worker] DEBUG net.serenitybdd.screenplay.targets.IFrameSwitcher - default content already selected for ir a sitio no seguro
14:50:18.065 [Test worker] DEBUG net.serenitybdd.core.photography.Darkroom - Send negative for processing for C:\Users\Asus\ProyectoFinalScreenplay\target\site\serenity\61b92e0691079e162a58fa80e2d02610a25f9804e6d15737ebdac30afdb4a627.png
14:50:18.092 [Test worker] DEBUG net.thucydides.core.steps.StepInterceptor - STEP DONE: {0} clicks on #target
14:50:18.111 [Test worker] DEBUG net.thucydides.core.steps.StepInterceptor - STEP DONE: performAs
14:50:18.420 [Test worker] DEBUG net.serenitybdd.core.photography.Darkroom - Send negative for processing for C:\Users\Asus\ProyectoFinalScreenplay\target\site\serenity\61b92e0691079e162a58fa80e2d02610a25f9804e6d15737ebdac30afdb4a627.png
14:50:18.779 [Test worker] DEBUG net.serenitybdd.core.photography.Darkroom - Send negative for processing for C:\Users\Asus\ProyectoFinalScreenplay\target\site\serenity\61b92e0691079e162a58fa80e2d02610a25f9804e6d15737ebdac30afdb4a627.png
14:50:18.780 [Test worker] DEBUG net.thucydides.core.steps.StepInterceptor - STARTING STEP: compraStepdefinitions.juanIngreseUsuarioYClave - performAs
14:50:18.786 [Test worker] DEBUG net.serenitybdd.screenplay.targets.IFrameSwitcher - default content already selected for ingresar usuario
14:50:19.290 [Test worker] DEBUG net.serenitybdd.core.photography.Darkroom - Send negative for processing for C:\Users\Asus\ProyectoFinalScreenplay\target\site\serenity\61b92e0691079e162a58fa80e2d02610a25f9804e6d15737ebdac30afdb4a627.png
14:50:19.296 [Test worker] DEBUG net.thucydides.core.steps.StepInterceptor - STARTING STEP: LoginUsuario.performAs - {0} enters #theTextAsAString into #target
14:50:19.297 [Test worker] DEBUG net.serenitybdd.screenplay.targets.IFrameSwitcher - default content already selected for ingresar usuario
14:50:20.188 [Test worker] DEBUG net.serenitybdd.core.photography.Darkroom - Send negative for processing for C:\Users\Asus\ProyectoFinalScreenplay\target\site\serenity\673823c93bf7c86f049ad70ac11427865fe13d8a4f3a532b93af2a0b141010ed.png
14:50:20.188 [Darkroom Processing Line] DEBUG net.serenitybdd.core.photography.DarkroomProcessingLine - Processing screenshot image in /var/screenshots/screenshot-6826403243296680369
14:50:20.188 [Darkroom Processing Line] DEBUG net.serenitybdd.core.photography.DarkroomProcessingLine - Saving screenshot to C:\Users\Asus\ProyectoFinalScreenplay\target\site\serenity\673823c93bf7c86f049ad70ac11427865fe13d8a4f3a532b93af2a0b141010ed.png
14:50:20.210 [Test worker] DEBUG net.thucydides.core.steps.StepInterceptor - STEP DONE: {0} enters #theTextAsAString into #target
14:50:20.532 [Test worker] DEBUG net.serenitybdd.core.photography.Darkroom - Send negative for processing for C:\Users\Asus\ProyectoFinalScreenplay\target\site\serenity\673823c93bf7c86f049ad70ac11427865fe13d8a4f3a532b93af2a0b141010ed.png
14:50:20.533 [Test worker] DEBUG net.thucydides.core.steps.StepInterceptor - STARTING STEP: LoginUsuario.performAs - {0} enters #theTextAsAString into #target
14:50:20.533 [Test worker] DEBUG net.serenitybdd.screenplay.targets.IFrameSwitcher - default content already selected for ingresar clave
14:50:21.395 [Test worker] DEBUG net.serenitybdd.core.photography.Darkroom - Send negative for processing for C:\Users\Asus\ProyectoFinalScreenplay\target\site\serenity\a4b6ed838ca28f50922408687b3202b8d6a7feedae4162885f39249ceadb6508.png
14:50:21.396 [Darkroom Processing Line] DEBUG net.serenitybdd.core.photography.DarkroomProcessingLine - Processing screenshot image in /var/screenshots/screenshot-4173441332202859253
14:50:21.396 [Darkroom Processing Line] DEBUG net.serenitybdd.core.photography.DarkroomProcessingLine - Saving screenshot to C:\Users\Asus\ProyectoFinalScreenplay\target\site\serenity\a4b6ed838ca28f50922408687b3202b8d6a7feedae4162885f39249ceadb6508.png
14:50:21.419 [Test worker] DEBUG net.thucydides.core.steps.StepInterceptor - STEP DONE: {0} enters #theTextAsAString into #target
14:50:21.747 [Test worker] DEBUG net.serenitybdd.core.photography.Darkroom - Send negative for processing for C:\Users\Asus\ProyectoFinalScreenplay\target\site\serenity\a4b6ed838ca28f50922408687b3202b8d6a7feedae4162885f39249ceadb6508.png
14:50:21.750 [Test worker] DEBUG net.thucydides.core.steps.StepInterceptor - STARTING STEP: LoginUsuario.performAs - {0} clicks on #target
14:50:21.751 [Test worker] DEBUG net.serenitybdd.screenplay.targets.IFrameSwitcher - default content already selected for login
14:50:22.424 [Test worker] DEBUG net.serenitybdd.core.photography.Darkroom - Send negative for processing for C:\Users\Asus\ProyectoFinalScreenplay\target\site\serenity\74e1deb968492df27f08a3cba0dcc9fbb66b81449ff3a1735dffd50b501f028a.png
14:50:22.425 [Darkroom Processing Line] DEBUG net.serenitybdd.core.photography.DarkroomProcessingLine - Processing screenshot image in /var/screenshots/screenshot-4447526114538714977
14:50:22.425 [Darkroom Processing Line] DEBUG net.serenitybdd.core.photography.DarkroomProcessingLine - Saving screenshot to C:\Users\Asus\ProyectoFinalScreenplay\target\site\serenity\74e1deb968492df27f08a3cba0dcc9fbb66b81449ff3a1735dffd50b501f028a.png
14:50:22.445 [Test worker] DEBUG net.thucydides.core.steps.StepInterceptor - STEP DONE: {0} clicks on #target
14:50:22.464 [Test worker] DEBUG net.thucydides.core.steps.StepInterceptor - STEP DONE: performAs
14:50:22.757 [Test worker] DEBUG net.serenitybdd.core.photography.Darkroom - Send negative for processing for C:\Users\Asus\ProyectoFinalScreenplay\target\site\serenity\74e1deb968492df27f08a3cba0dcc9fbb66b81449ff3a1735dffd50b501f028a.png
14:50:23.544 [Test worker] DEBUG net.serenitybdd.core.photography.Darkroom - Send negative for processing for C:\Users\Asus\ProyectoFinalScreenplay\target\site\serenity\74e1deb968492df27f08a3cba0dcc9fbb66b81449ff3a1735dffd50b501f028a.png
14:50:23.546 [Test worker] DEBUG net.thucydides.core.steps.StepInterceptor - STARTING STEP: compraStepdefinitions.ingresaDatosSolictados - performAs
14:50:23.555 [Test worker] DEBUG net.serenitybdd.screenplay.targets.IFrameSwitcher - default content already selected for Ingresar nombres
14:50:24.303 [Test worker] DEBUG net.serenitybdd.core.photography.Darkroom - Send negative for processing for C:\Users\Asus\ProyectoFinalScreenplay\target\site\serenity\a2e3697ecd3ca2adf79a6ffc17458d56ef8f2ce0437cc83c612d7ff90371dc6e.png
14:50:24.304 [Test worker] DEBUG net.thucydides.core.steps.StepInterceptor - STARTING STEP: IngresarDatos.performAs - {0} enters #theTextAsAString into #target
14:50:24.305 [Test worker] DEBUG net.serenitybdd.screenplay.targets.IFrameSwitcher - default content already selected for Ingresar nombres
14:50:25.178 [Test worker] DEBUG net.serenitybdd.core.photography.Darkroom - Send negative for processing for C:\Users\Asus\ProyectoFinalScreenplay\target\site\serenity\2d2225f74a251dba71bec2511edc3e2e5ae3aa919788dd93b07f1ccbb923f2f8.png
14:50:25.179 [Darkroom Processing Line] DEBUG net.serenitybdd.core.photography.DarkroomProcessingLine - Processing screenshot image in /var/screenshots/screenshot-6834271533679038638
14:50:25.179 [Darkroom Processing Line] DEBUG net.serenitybdd.core.photography.DarkroomProcessingLine - Saving screenshot to C:\Users\Asus\ProyectoFinalScreenplay\target\site\serenity\2d2225f74a251dba71bec2511edc3e2e5ae3aa919788dd93b07f1ccbb923f2f8.png
14:50:25.199 [Test worker] DEBUG net.thucydides.core.steps.StepInterceptor - STEP DONE: {0} enters #theTextAsAString into #target
14:50:25.226 [Test worker] DEBUG net.thucydides.core.steps.StepInterceptor - STARTING STEP: IngresarDatos.performAs - {0} enters #theTextAsAString into #target
14:50:25.227 [Test worker] DEBUG net.serenitybdd.screenplay.targets.IFrameSwitcher - default content already selected for Ingresar apellidos
14:50:26.050 [Test worker] DEBUG net.serenitybdd.core.photography.Darkroom - Send negative for processing for C:\Users\Asus\ProyectoFinalScreenplay\target\site\serenity\ce47ec8df00c4ec93bc861602307933c1fc05bead101425eba5a786c25441b09.png
14:50:26.050 [Darkroom Processing Line] DEBUG net.serenitybdd.core.photography.DarkroomProcessingLine - Processing screenshot image in /var/screenshots/screenshot-237614829694923504
14:50:26.051 [Darkroom Processing Line] DEBUG net.serenitybdd.core.photography.DarkroomProcessingLine - Saving screenshot to C:\Users\Asus\ProyectoFinalScreenplay\target\site\serenity\ce47ec8df00c4ec93bc861602307933c1fc05bead101425eba5a786c25441b09.png
14:50:26.085 [Test worker] DEBUG net.thucydides.core.steps.StepInterceptor - STEP DONE: {0} enters #theTextAsAString into #target
14:50:26.358 [Test worker] DEBUG net.serenitybdd.core.photography.Darkroom - Send negative for processing for C:\Users\Asus\ProyectoFinalScreenplay\target\site\serenity\ce47ec8df00c4ec93bc861602307933c1fc05bead101425eba5a786c25441b09.png
14:50:26.359 [Test worker] DEBUG net.thucydides.core.steps.StepInterceptor - STARTING STEP: IngresarDatos.performAs - {0} enters #theTextAsAString into #target
14:50:26.359 [Test worker] DEBUG net.serenitybdd.screenplay.targets.IFrameSwitcher - default content already selected for Ingresar direccion
14:50:27.178 [Test worker] DEBUG net.serenitybdd.core.photography.Darkroom - Send negative for processing for C:\Users\Asus\ProyectoFinalScreenplay\target\site\serenity\eb98ed8085ed6260f44f097032eeaaf810d47f48a196b49bb0497ac843863ea3.png
14:50:27.183 [Darkroom Processing Line] DEBUG net.serenitybdd.core.photography.DarkroomProcessingLine - Processing screenshot image in /var/screenshots/screenshot-1537056914011398602
14:50:27.183 [Darkroom Processing Line] DEBUG net.serenitybdd.core.photography.DarkroomProcessingLine - Saving screenshot to C:\Users\Asus\ProyectoFinalScreenplay\target\site\serenity\eb98ed8085ed6260f44f097032eeaaf810d47f48a196b49bb0497ac843863ea3.png
14:50:27.212 [Test worker] DEBUG net.thucydides.core.steps.StepInterceptor - STEP DONE: {0} enters #theTextAsAString into #target
14:50:27.229 [Test worker] DEBUG net.thucydides.core.steps.StepInterceptor - STARTING STEP: IngresarDatos.performAs - {0} enters #theTextAsAString into #target
14:50:27.230 [Test worker] DEBUG net.serenitybdd.screenplay.targets.IFrameSwitcher - default content already selected for Ingresar ciudad
14:50:28.059 [Test worker] DEBUG net.serenitybdd.core.photography.Darkroom - Send negative for processing for C:\Users\Asus\ProyectoFinalScreenplay\target\site\serenity\db4372fb52448477cd552abbac74da616012f9f36e9e89eb0809fae5a32e1a90.png
14:50:28.080 [Test worker] DEBUG net.thucydides.core.steps.StepInterceptor - STEP DONE: {0} enters #theTextAsAString into #target
14:50:28.104 [Test worker] DEBUG net.thucydides.core.steps.StepInterceptor - STARTING STEP: IngresarDatos.performAs - {0} clicks on #target
14:50:28.105 [Test worker] DEBUG net.serenitybdd.screenplay.targets.IFrameSwitcher - default content already selected for Ingresar pais
14:50:28.994 [Test worker] DEBUG net.serenitybdd.core.photography.Darkroom - Send negative for processing for C:\Users\Asus\ProyectoFinalScreenplay\target\site\serenity\d643f063337d3ae11ab087819b69a63657fb3054f7ed0c325486ecac2baf4834.png
14:50:28.995 [Darkroom Processing Line] DEBUG net.serenitybdd.core.photography.DarkroomProcessingLine - Processing screenshot image in /var/screenshots/screenshot-8921545369261714261
14:50:28.995 [Darkroom Processing Line] DEBUG net.serenitybdd.core.photography.DarkroomProcessingLine - Saving screenshot to C:\Users\Asus\ProyectoFinalScreenplay\target\site\serenity\d643f063337d3ae11ab087819b69a63657fb3054f7ed0c325486ecac2baf4834.png
14:50:29.019 [Test worker] DEBUG net.thucydides.core.steps.StepInterceptor - STEP DONE: {0} clicks on #target
14:50:29.327 [Test worker] DEBUG net.serenitybdd.core.photography.Darkroom - Send negative for processing for C:\Users\Asus\ProyectoFinalScreenplay\target\site\serenity\d643f063337d3ae11ab087819b69a63657fb3054f7ed0c325486ecac2baf4834.png
14:50:29.328 [Test worker] DEBUG net.thucydides.core.steps.StepInterceptor - STARTING STEP: IngresarDatos.performAs - {0} clicks on #target
14:50:29.329 [Test worker] DEBUG net.serenitybdd.screenplay.targets.IFrameSwitcher - default content already selected for Ingresar pais
14:50:29.944 [Test worker] DEBUG net.serenitybdd.core.photography.Darkroom - Send negative for processing for C:\Users\Asus\ProyectoFinalScreenplay\target\site\serenity\12aa02d12a7ec4b42f5d9651f579db5a3560b51d01b17be29e0131ee773ee1ca.png
14:50:29.971 [Test worker] DEBUG net.thucydides.core.steps.StepInterceptor - STEP DONE: {0} clicks on #target
14:50:30.254 [Test worker] DEBUG net.serenitybdd.core.photography.Darkroom - Send negative for processing for C:\Users\Asus\ProyectoFinalScreenplay\target\site\serenity\12aa02d12a7ec4b42f5d9651f579db5a3560b51d01b17be29e0131ee773ee1ca.png
14:50:30.255 [Test worker] DEBUG net.thucydides.core.steps.StepInterceptor - STARTING STEP: IngresarDatos.performAs - {0} clicks on #target
14:50:30.256 [Test worker] DEBUG net.serenitybdd.screenplay.targets.IFrameSwitcher - default content already selected for Ingresar estado
14:50:30.946 [Test worker] DEBUG net.serenitybdd.core.photography.Darkroom - Send negative for processing for C:\Users\Asus\ProyectoFinalScreenplay\target\site\serenity\e792b05c7ee267820089cf0e67df7178424245906b04d38cfe19b188e16b05a8.png
14:50:30.964 [Test worker] DEBUG net.thucydides.core.steps.StepInterceptor - STEP DONE: {0} clicks on #target
14:50:30.981 [Test worker] DEBUG net.thucydides.core.steps.StepInterceptor - STARTING STEP: IngresarDatos.performAs - {0} select #visibleText on #target
14:50:30.981 [Test worker] DEBUG net.serenitybdd.screenplay.targets.IFrameSwitcher - default content already selected for Ingresar estado
14:50:31.617 [Test worker] DEBUG net.serenitybdd.core.photography.Darkroom - Send negative for processing for C:\Users\Asus\ProyectoFinalScreenplay\target\site\serenity\e792b05c7ee267820089cf0e67df7178424245906b04d38cfe19b188e16b05a8.png
14:50:31.645 [Test worker] DEBUG net.thucydides.core.steps.StepInterceptor - STEP DONE: {0} select #visibleText on #target
14:50:31.922 [Test worker] DEBUG net.serenitybdd.core.photography.Darkroom - Send negative for processing for C:\Users\Asus\ProyectoFinalScreenplay\target\site\serenity\e792b05c7ee267820089cf0e67df7178424245906b04d38cfe19b188e16b05a8.png
14:50:31.923 [Test worker] DEBUG net.thucydides.core.steps.StepInterceptor - STARTING STEP: IngresarDatos.performAs - {0} clicks on #target
14:50:31.924 [Test worker] DEBUG net.serenitybdd.screenplay.targets.IFrameSwitcher - default content already selected for Clic en boton Continue
14:50:32.763 [Test worker] DEBUG net.serenitybdd.core.photography.Darkroom - Send negative for processing for C:\Users\Asus\ProyectoFinalScreenplay\target\site\serenity\a9b0357cf5e8b6296263ce222c0f3c97699963f61a19f0b66761b233623e0639.png
14:50:32.764 [Darkroom Processing Line] DEBUG net.serenitybdd.core.photography.DarkroomProcessingLine - Processing screenshot image in /var/screenshots/screenshot-6872013302192100884
14:50:32.764 [Darkroom Processing Line] DEBUG net.serenitybdd.core.photography.DarkroomProcessingLine - Saving screenshot to C:\Users\Asus\ProyectoFinalScreenplay\target\site\serenity\a9b0357cf5e8b6296263ce222c0f3c97699963f61a19f0b66761b233623e0639.png
14:50:33.141 [Test worker] DEBUG net.serenitybdd.core.photography.Darkroom - Send negative for processing for C:\Users\Asus\ProyectoFinalScreenplay\target\site\serenity\1988e8758571a234edbd9faf37c045424ddb6c041910a120312acb5f81a2cc11.png
14:50:33.142 [Darkroom Processing Line] DEBUG net.serenitybdd.core.photography.DarkroomProcessingLine - Processing screenshot image in /var/screenshots/screenshot-8292289160410622986
14:50:33.142 [Darkroom Processing Line] DEBUG net.serenitybdd.core.photography.DarkroomProcessingLine - Saving screenshot to C:\Users\Asus\ProyectoFinalScreenplay\target\site\serenity\1988e8758571a234edbd9faf37c045424ddb6c041910a120312acb5f81a2cc11.png
14:50:33.142 [Test worker] DEBUG net.thucydides.core.steps.StepInterceptor - STEP DONE: {0} clicks on #target
14:50:33.164 [Test worker] DEBUG net.thucydides.core.steps.StepInterceptor - STEP DONE: performAs
14:50:33.461 [Test worker] DEBUG net.serenitybdd.core.photography.Darkroom - Send negative for processing for C:\Users\Asus\ProyectoFinalScreenplay\target\site\serenity\1988e8758571a234edbd9faf37c045424ddb6c041910a120312acb5f81a2cc11.png
14:50:33.504 [Test worker] DEBUG net.thucydides.core.steps.StepInterceptor - STARTING STEP: compraStepdefinitions.confirmaLaOrdenDeCompraConElSiguienteMensaje - performAs
14:50:33.512 [Test worker] DEBUG net.serenitybdd.screenplay.targets.IFrameSwitcher - default content already selected for confirmar direccion
14:50:33.910 [Test worker] DEBUG net.serenitybdd.core.photography.Darkroom - Send negative for processing for C:\Users\Asus\ProyectoFinalScreenplay\target\site\serenity\1988e8758571a234edbd9faf37c045424ddb6c041910a120312acb5f81a2cc11.png
14:50:33.912 [Test worker] DEBUG net.thucydides.core.steps.StepInterceptor - STARTING STEP: ConfirmarProductoFinal.performAs - {0} clicks on #target
14:50:33.913 [Test worker] DEBUG net.serenitybdd.screenplay.targets.IFrameSwitcher - default content already selected for confirmar direccion
14:50:34.448 [Test worker] DEBUG net.serenitybdd.core.photography.Darkroom - Send negative for processing for C:\Users\Asus\ProyectoFinalScreenplay\target\site\serenity\6b153ec81ded8ad116363ee3c209c1bc630304906e8512417719cce3bea7e500.png
14:50:34.449 [Darkroom Processing Line] DEBUG net.serenitybdd.core.photography.DarkroomProcessingLine - Processing screenshot image in /var/screenshots/screenshot-4539153395964533337
14:50:34.449 [Darkroom Processing Line] DEBUG net.serenitybdd.core.photography.DarkroomProcessingLine - Saving screenshot to C:\Users\Asus\ProyectoFinalScreenplay\target\site\serenity\6b153ec81ded8ad116363ee3c209c1bc630304906e8512417719cce3bea7e500.png
14:50:34.470 [Test worker] DEBUG net.thucydides.core.steps.StepInterceptor - STEP DONE: {0} clicks on #target
14:50:34.494 [Test worker] DEBUG net.thucydides.core.steps.StepInterceptor - STARTING STEP: ConfirmarProductoFinal.performAs - {0} clicks on #target
14:50:34.494 [Test worker] DEBUG net.serenitybdd.screenplay.targets.IFrameSwitcher - default content already selected for confirmar metodo
14:50:35.328 [Test worker] DEBUG net.serenitybdd.core.photography.Darkroom - Send negative for processing for C:\Users\Asus\ProyectoFinalScreenplay\target\site\serenity\1478fa342c8253e99d66ccd4c057b01ae9a1140875119307c05b9d9e38868939.png
14:50:35.328 [Darkroom Processing Line] DEBUG net.serenitybdd.core.photography.DarkroomProcessingLine - Processing screenshot image in /var/screenshots/screenshot-4151189380163169094
14:50:35.329 [Darkroom Processing Line] DEBUG net.serenitybdd.core.photography.DarkroomProcessingLine - Saving screenshot to C:\Users\Asus\ProyectoFinalScreenplay\target\site\serenity\1478fa342c8253e99d66ccd4c057b01ae9a1140875119307c05b9d9e38868939.png
14:50:35.350 [Test worker] DEBUG net.thucydides.core.steps.StepInterceptor - STEP DONE: {0} clicks on #target
14:50:35.376 [Test worker] DEBUG net.thucydides.core.steps.StepInterceptor - STARTING STEP: ConfirmarProductoFinal.performAs - {0} clicks on #target
14:50:35.377 [Test worker] DEBUG net.serenitybdd.screenplay.targets.IFrameSwitcher - default content already selected for confirmar terminos
14:50:36.299 [Test worker] DEBUG net.serenitybdd.core.photography.Darkroom - Send negative for processing for C:\Users\Asus\ProyectoFinalScreenplay\target\site\serenity\9224385f16d93851c048c8258779daa81f881c4060b84b9d059791668c91dcaf.png
14:50:36.300 [Darkroom Processing Line] DEBUG net.serenitybdd.core.photography.DarkroomProcessingLine - Processing screenshot image in /var/screenshots/screenshot-3651810812688988866
14:50:36.300 [Darkroom Processing Line] DEBUG net.serenitybdd.core.photography.DarkroomProcessingLine - Saving screenshot to C:\Users\Asus\ProyectoFinalScreenplay\target\site\serenity\9224385f16d93851c048c8258779daa81f881c4060b84b9d059791668c91dcaf.png
14:50:36.324 [Test worker] DEBUG net.thucydides.core.steps.StepInterceptor - STEP DONE: {0} clicks on #target
14:50:36.607 [Test worker] DEBUG net.serenitybdd.core.photography.Darkroom - Send negative for processing for C:\Users\Asus\ProyectoFinalScreenplay\target\site\serenity\9224385f16d93851c048c8258779daa81f881c4060b84b9d059791668c91dcaf.png
14:50:36.608 [Test worker] DEBUG net.thucydides.core.steps.StepInterceptor - STARTING STEP: ConfirmarProductoFinal.performAs - {0} clicks on #target
14:50:36.609 [Test worker] DEBUG net.serenitybdd.screenplay.targets.IFrameSwitcher - default content already selected for confirmar terminos y condiciones
14:50:37.150 [Test worker] DEBUG net.serenitybdd.core.photography.Darkroom - Send negative for processing for C:\Users\Asus\ProyectoFinalScreenplay\target\site\serenity\22f21ef0e9e6021125dfd21025cab3c86ee5193264a892ca0dd262c52fcf4247.png
14:50:37.151 [Darkroom Processing Line] DEBUG net.serenitybdd.core.photography.DarkroomProcessingLine - Processing screenshot image in /var/screenshots/screenshot-6366074345451545899
14:50:37.151 [Darkroom Processing Line] DEBUG net.serenitybdd.core.photography.DarkroomProcessingLine - Saving screenshot to C:\Users\Asus\ProyectoFinalScreenplay\target\site\serenity\22f21ef0e9e6021125dfd21025cab3c86ee5193264a892ca0dd262c52fcf4247.png
14:50:37.172 [Test worker] DEBUG net.thucydides.core.steps.StepInterceptor - STEP DONE: {0} clicks on #target
14:50:37.633 [Test worker] DEBUG net.serenitybdd.core.photography.Darkroom - Send negative for processing for C:\Users\Asus\ProyectoFinalScreenplay\target\site\serenity\93a0c4c6c20433fdf81be30ada0a194b9078ca8d440e920409763ab7d2bd576b.png
14:50:37.634 [Darkroom Processing Line] DEBUG net.serenitybdd.core.photography.DarkroomProcessingLine - Processing screenshot image in /var/screenshots/screenshot-8656660713199013891
14:50:37.634 [Darkroom Processing Line] DEBUG net.serenitybdd.core.photography.DarkroomProcessingLine - Saving screenshot to C:\Users\Asus\ProyectoFinalScreenplay\target\site\serenity\93a0c4c6c20433fdf81be30ada0a194b9078ca8d440e920409763ab7d2bd576b.png
14:50:37.638 [Test worker] DEBUG net.thucydides.core.steps.StepInterceptor - STARTING STEP: ConfirmarProductoFinal.performAs - {0} clicks on #target
14:50:37.641 [Test worker] DEBUG net.serenitybdd.screenplay.targets.IFrameSwitcher - default content already selected for confirmacion final
14:50:39.496 [Test worker] DEBUG net.serenitybdd.core.photography.Darkroom - Send negative for processing for C:\Users\Asus\ProyectoFinalScreenplay\target\site\serenity\2799569aa33395cb4a6b53fe8c50daf5d8bfcc6b02f6818fff1180d95640b5d8.png
14:50:39.497 [Darkroom Processing Line] DEBUG net.serenitybdd.core.photography.DarkroomProcessingLine - Processing screenshot image in /var/screenshots/screenshot-594534408647801751
14:50:39.498 [Darkroom Processing Line] DEBUG net.serenitybdd.core.photography.DarkroomProcessingLine - Saving screenshot to C:\Users\Asus\ProyectoFinalScreenplay\target\site\serenity\2799569aa33395cb4a6b53fe8c50daf5d8bfcc6b02f6818fff1180d95640b5d8.png
14:50:39.529 [Test worker] DEBUG net.thucydides.core.steps.StepInterceptor - STEP DONE: {0} clicks on #target
14:50:39.546 [Test worker] DEBUG net.thucydides.core.steps.StepInterceptor - STEP DONE: performAs
14:50:40.049 [Test worker] DEBUG net.serenitybdd.core.photography.Darkroom - Send negative for processing for C:\Users\Asus\ProyectoFinalScreenplay\target\site\serenity\61ab91f982a0ab4e7f3b50329319ce1203b808893d4b4d5759fe30786a616285.png
14:50:40.049 [Darkroom Processing Line] DEBUG net.serenitybdd.core.photography.DarkroomProcessingLine - Processing screenshot image in /var/screenshots/screenshot-4267635053818027832
14:50:40.049 [Darkroom Processing Line] DEBUG net.serenitybdd.core.photography.DarkroomProcessingLine - Saving screenshot to C:\Users\Asus\ProyectoFinalScreenplay\target\site\serenity\61ab91f982a0ab4e7f3b50329319ce1203b808893d4b4d5759fe30786a616285.png
14:50:40.054 [Test worker] DEBUG net.serenitybdd.screenplay.targets.IFrameSwitcher - default content already selected for Validar mensaje
14:50:40.400 [Test worker] DEBUG net.serenitybdd.core.photography.Darkroom - Send negative for processing for C:\Users\Asus\ProyectoFinalScreenplay\target\site\serenity\61ab91f982a0ab4e7f3b50329319ce1203b808893d4b4d5759fe30786a616285.png
14:50:40.440 [Test worker] DEBUG net.thucydides.core.steps.StepInterceptor - STARTING STEP: compraStepdefinitions.logout - performAs
14:50:40.444 [Test worker] DEBUG net.serenitybdd.screenplay.targets.IFrameSwitcher - default content already selected for Link de My Account
14:50:40.793 [Test worker] DEBUG net.serenitybdd.core.photography.Darkroom - Send negative for processing for C:\Users\Asus\ProyectoFinalScreenplay\target\site\serenity\61ab91f982a0ab4e7f3b50329319ce1203b808893d4b4d5759fe30786a616285.png
14:50:40.794 [Test worker] DEBUG net.thucydides.core.steps.StepInterceptor - STARTING STEP: CerrarSesion.performAs - {0} clicks on #target
14:50:40.795 [Test worker] DEBUG net.serenitybdd.screenplay.targets.IFrameSwitcher - default content already selected for Link de My Account
14:50:41.409 [Test worker] DEBUG net.serenitybdd.core.photography.Darkroom - Send negative for processing for C:\Users\Asus\ProyectoFinalScreenplay\target\site\serenity\41761d9b8de8ac0669dc0d8bb777952486fa420821b36c9c979d6f0cd0a20600.png
14:50:41.410 [Darkroom Processing Line] DEBUG net.serenitybdd.core.photography.DarkroomProcessingLine - Processing screenshot image in /var/screenshots/screenshot-808036141785155271
14:50:41.410 [Darkroom Processing Line] DEBUG net.serenitybdd.core.photography.DarkroomProcessingLine - Saving screenshot to C:\Users\Asus\ProyectoFinalScreenplay\target\site\serenity\41761d9b8de8ac0669dc0d8bb777952486fa420821b36c9c979d6f0cd0a20600.png
14:50:41.418 [Test worker] DEBUG net.thucydides.core.steps.StepInterceptor - STEP DONE: {0} clicks on #target
14:50:41.427 [Test worker] DEBUG net.thucydides.core.steps.StepInterceptor - STARTING STEP: CerrarSesion.performAs - {0} clicks on #target
14:50:41.428 [Test worker] DEBUG net.serenitybdd.screenplay.targets.IFrameSwitcher - default content already selected for Link de Logout
14:50:44.463 [Test worker] DEBUG net.serenitybdd.core.photography.Darkroom - Send negative for processing for C:\Users\Asus\ProyectoFinalScreenplay\target\site\serenity\de0446bfaca78038ea65f242926de6b3f818522ef912961416b092e249304ee9.png
14:50:44.469 [Test worker] DEBUG net.thucydides.core.steps.StepInterceptor - STEP DONE: {0} clicks on #target
14:50:44.474 [Test worker] DEBUG net.thucydides.core.steps.StepInterceptor - STEP DONE: performAs
14:50:45.834 [Test worker] INFO  - 
        __    _____ _____ ____ _____   ____   _    ____  ____  _____ ____  
  _     \ \  |_   _| ____/ ___|_   _| |  _ \ / \  / ___|/ ___|| ____|  _ \ 
 (_)_____| |   | | |  _| \___ \ | |   | |_) / _ \ \___ \\___ \|  _| | | | |
  _|_____| |   | | | |___ ___) || |   |  __/ ___ \ ___) |___) | |___| |_| |
 (_)     | |   |_| |_____|____/ |_|   |_| /_/   \_\____/|____/|_____|____/ 
        /_/                                                                

compra de computadora en pagina web
----------------------------------------------------------------------------
]]></system-out>
  <system-err><![CDATA[Starting ChromeDriver 90.0.4430.24 (4c6d850f087da467d926e8eddb76550aed655991-refs/branch-heads/4430@{#429}) on port 3862
Only local connections are allowed.
Please see https://chromedriver.chromium.org/security-considerations for suggestions on keeping ChromeDriver safe.
ChromeDriver was started successfully.
[1623872990.167][WARNING]: This version of ChromeDriver has not been tested with Chrome version 91.
jun 16, 2021 2:49:51 PM org.openqa.selenium.remote.ProtocolHandshake createSession
INFORMACIÓN: Detected dialect: W3C
]]></system-err>
</testsuite>
